<?xml version="1.0" encoding="UTF-8"?>
<testng-results ignored="0" total="1" passed="1" failed="0" skipped="0">
  <reporter-output>
  </reporter-output>
  <suite started-at="2022-06-29T17:38:44 CEST" name="Default suite" finished-at="2022-06-29T17:38:45 CEST" duration-ms="1185">
    <groups>
    </groups>
    <test started-at="2022-06-29T17:38:44 CEST" name="Default test" finished-at="2022-06-29T17:38:45 CEST" duration-ms="1185">
      <class name="tests.Pokemon">
        <test-method signature="accessPokemonAPI()[pri:0, instance:tests.Pokemon@2cf3d63b]" started-at="2022-06-29T17:38:44 CEST" name="accessPokemonAPI" finished-at="2022-06-29T17:38:45 CEST" duration-ms="1151" status="PASS">
          <reporter-output>
          </reporter-output>
        </test-method> <!-- accessPokemonAPI -->
        <test-method is-config="true" signature="teardown()[pri:0, instance:tests.Pokemon@2cf3d63b]" started-at="2022-06-29T17:38:45 CEST" name="teardown" finished-at="2022-06-29T17:38:45 CEST" duration-ms="3" status="PASS">
          <reporter-output>
          </reporter-output>
        </test-method> <!-- teardown -->
      </class> <!-- tests.Pokemon -->
    </test> <!-- Default test -->
  </suite> <!-- Default suite -->
</testng-results>
